<?xml version="1.0" encoding="UTF-8"?>
<testsuite xmlns:xsi="http://www.w3.org/2001/XMLSchema-instance" xsi:noNamespaceSchemaLocation="https://maven.apache.org/surefire/maven-surefire-plugin/xsd/surefire-test-report-3.0.xsd" version="3.0" name="br.com.alura.model.AnuncioTest" time="0.041" tests="1" errors="0" skipped="0" failures="0">
  <properties>
    <property name="java.specification.version" value="17"/>
    <property name="sun.jnu.encoding" value="UTF-8"/>
    <property name="java.class.path" value="/home/vinicius/Área de Trabalho/maven/meteora/anuncio/target/test-classes:/home/vinicius/Área de Trabalho/maven/meteora/anuncio/target/classes:/home/vinicius/Área de Trabalho/maven/meteora/produtos/target/produtos-1.0-SNAPSHOT.jar:/home/vinicius/.m2/repository/com/opencsv/opencsv/5.9/opencsv-5.9.jar:/home/vinicius/.m2/repository/org/apache/commons/commons-lang3/3.13.0/commons-lang3-3.13.0.jar:/home/vinicius/.m2/repository/org/apache/commons/commons-text/1.11.0/commons-text-1.11.0.jar:/home/vinicius/.m2/repository/commons-beanutils/commons-beanutils/1.9.4/commons-beanutils-1.9.4.jar:/home/vinicius/.m2/repository/commons-logging/commons-logging/1.2/commons-logging-1.2.jar:/home/vinicius/.m2/repository/commons-collections/commons-collections/3.2.2/commons-collections-3.2.2.jar:/home/vinicius/.m2/repository/org/apache/commons/commons-collections4/4.4/commons-collections4-4.4.jar:/home/vinicius/.m2/repository/net/clojars/suuft/libretranslate-java/1.0.5/libretranslate-java-1.0.5.jar:/home/vinicius/.m2/repository/com/google/code/gson/gson/2.8.7/gson-2.8.7.jar:/home/vinicius/.m2/repository/org/junit/jupiter/junit-jupiter-api/5.10.1/junit-jupiter-api-5.10.1.jar:/home/vinicius/.m2/repository/org/opentest4j/opentest4j/1.3.0/opentest4j-1.3.0.jar:/home/vinicius/.m2/repository/org/junit/platform/junit-platform-commons/1.10.1/junit-platform-commons-1.10.1.jar:/home/vinicius/.m2/repository/org/apiguardian/apiguardian-api/1.1.2/apiguardian-api-1.1.2.jar:"/>
    <property name="java.vm.vendor" value="Oracle Corporation"/>
    <property name="sun.arch.data.model" value="64"/>
    <property name="java.vendor.url" value="https://java.oracle.com/"/>
    <property name="os.name" value="Linux"/>
    <property name="java.vm.specification.version" value="17"/>
    <property name="sun.java.launcher" value="SUN_STANDARD"/>
    <property name="user.country" value="BR"/>
    <property name="sun.boot.library.path" value="/home/vinicius/.sdkman/candidates/java/17-open/lib"/>
    <property name="sun.java.command" value="/home/vinicius/Área de Trabalho/maven/meteora/anuncio/target/surefire/surefirebooter-20240320104429018_3.jar /home/vinicius/Área de Trabalho/maven/meteora/anuncio/target/surefire 2024-03-20T10-44-28_542-jvmRun1 surefire-20240320104429018_1tmp surefire_0-20240320104429018_2tmp"/>
    <property name="jdk.debug" value="release"/>
    <property name="surefire.test.class.path" value="/home/vinicius/Área de Trabalho/maven/meteora/anuncio/target/test-classes:/home/vinicius/Área de Trabalho/maven/meteora/anuncio/target/classes:/home/vinicius/Área de Trabalho/maven/meteora/produtos/target/produtos-1.0-SNAPSHOT.jar:/home/vinicius/.m2/repository/com/opencsv/opencsv/5.9/opencsv-5.9.jar:/home/vinicius/.m2/repository/org/apache/commons/commons-lang3/3.13.0/commons-lang3-3.13.0.jar:/home/vinicius/.m2/repository/org/apache/commons/commons-text/1.11.0/commons-text-1.11.0.jar:/home/vinicius/.m2/repository/commons-beanutils/commons-beanutils/1.9.4/commons-beanutils-1.9.4.jar:/home/vinicius/.m2/repository/commons-logging/commons-logging/1.2/commons-logging-1.2.jar:/home/vinicius/.m2/repository/commons-collections/commons-collections/3.2.2/commons-collections-3.2.2.jar:/home/vinicius/.m2/repository/org/apache/commons/commons-collections4/4.4/commons-collections4-4.4.jar:/home/vinicius/.m2/repository/net/clojars/suuft/libretranslate-java/1.0.5/libretranslate-java-1.0.5.jar:/home/vinicius/.m2/repository/com/google/code/gson/gson/2.8.7/gson-2.8.7.jar:/home/vinicius/.m2/repository/org/junit/jupiter/junit-jupiter-api/5.10.1/junit-jupiter-api-5.10.1.jar:/home/vinicius/.m2/repository/org/opentest4j/opentest4j/1.3.0/opentest4j-1.3.0.jar:/home/vinicius/.m2/repository/org/junit/platform/junit-platform-commons/1.10.1/junit-platform-commons-1.10.1.jar:/home/vinicius/.m2/repository/org/apiguardian/apiguardian-api/1.1.2/apiguardian-api-1.1.2.jar:"/>
    <property name="sun.cpu.endian" value="little"/>
    <property name="user.home" value="/home/vinicius"/>
    <property name="user.language" value="pt"/>
    <property name="java.specification.vendor" value="Oracle Corporation"/>
    <property name="java.version.date" value="2021-09-14"/>
    <property name="java.home" value="/home/vinicius/.sdkman/candidates/java/17-open"/>
    <property name="file.separator" value="/"/>
    <property name="basedir" value="/home/vinicius/Área de Trabalho/maven/meteora/anuncio"/>
    <property name="java.vm.compressedOopsMode" value="Zero based"/>
    <property name="line.separator" value="&#10;"/>
    <property name="java.vm.specification.vendor" value="Oracle Corporation"/>
    <property name="java.specification.name" value="Java Platform API Specification"/>
    <property name="surefire.real.class.path" value="/home/vinicius/Área de Trabalho/maven/meteora/anuncio/target/surefire/surefirebooter-20240320104429018_3.jar"/>
    <property name="sun.management.compiler" value="HotSpot 64-Bit Tiered Compilers"/>
    <property name="java.runtime.version" value="17+35-2724"/>
    <property name="user.name" value="vinicius"/>
    <property name="path.separator" value=":"/>
    <property name="os.version" value="6.5.0-26-generic"/>
    <property name="java.runtime.name" value="OpenJDK Runtime Environment"/>
    <property name="file.encoding" value="UTF-8"/>
    <property name="java.vm.name" value="OpenJDK 64-Bit Server VM"/>
    <property name="localRepository" value="/home/vinicius/.m2/repository"/>
    <property name="java.vendor.url.bug" value="https://bugreport.java.com/bugreport/"/>
    <property name="java.io.tmpdir" value="/tmp"/>
    <property name="idea.version" value="2023.2.2"/>
    <property name="java.version" value="17"/>
    <property name="user.dir" value="/home/vinicius/Área de Trabalho/maven/meteora/anuncio"/>
    <property name="os.arch" value="amd64"/>
    <property name="java.vm.specification.name" value="Java Virtual Machine Specification"/>
    <property name="native.encoding" value="UTF-8"/>
    <property name="java.library.path" value="/usr/java/packages/lib:/usr/lib64:/lib64:/lib:/usr/lib"/>
    <property name="java.vm.info" value="mixed mode, sharing"/>
    <property name="java.vendor" value="Oracle Corporation"/>
    <property name="java.vm.version" value="17+35-2724"/>
    <property name="sun.io.unicode.encoding" value="UnicodeLittle"/>
    <property name="java.class.version" value="61.0"/>
  </properties>
  <testcase name="getQuantidade" classname="br.com.alura.model.AnuncioTest" time="0.022"/>
</testsuite>